<?xml version="1.0" encoding="UTF-8"?>
<!-- Generated by org.testng.reporters.JUnitXMLReporter -->
<testsuite hostname="NaveenK" name="Default test" tests="3" failures="0" timestamp="12 Oct 2019 12:53:56 GMT" time="0.03" errors="0">
  <testcase name="@BeforeMethod setupTest" time="0.0" classname="Mytests.FirstTest">
    <failure type="org.testng.TestNGException" message="
Parameter &amp;apos;browser&amp;apos; is required by @Configuration on method setupTest but has not been marked @Optional or defined
in C:\Users\91990\AppData\Local\Temp\testng-eclipse--1486510860\testng-customsuite.xml">
      <![CDATA[org.testng.TestNGException: 
Parameter 'browser' is required by @Configuration on method setupTest but has not been marked @Optional or defined
in C:\Users\91990\AppData\Local\Temp\testng-eclipse--1486510860\testng-customsuite.xml
	at org.testng.internal.Parameters.createParameters(Parameters.java:154)
	at org.testng.internal.Parameters.createParameters(Parameters.java:361)
	at org.testng.internal.Parameters.createConfigurationParameters(Parameters.java:84)
	at org.testng.internal.Invoker.invokeConfigurations(Invoker.java:201)
	at org.testng.internal.Invoker.invokeMethod(Invoker.java:589)
	at org.testng.internal.Invoker.invokeTestMethod(Invoker.java:822)
	at org.testng.internal.Invoker.invokeTestMethods(Invoker.java:1130)
	at org.testng.internal.TestMethodWorker.invokeTestMethods(TestMethodWorker.java:129)
	at org.testng.internal.TestMethodWorker.run(TestMethodWorker.java:112)
	at org.testng.TestRunner.privateRun(TestRunner.java:782)
	at org.testng.TestRunner.run(TestRunner.java:632)
	at org.testng.SuiteRunner.runTest(SuiteRunner.java:366)
	at org.testng.SuiteRunner.runSequentially(SuiteRunner.java:361)
	at org.testng.SuiteRunner.privateRun(SuiteRunner.java:319)
	at org.testng.SuiteRunner.run(SuiteRunner.java:268)
	at org.testng.SuiteRunnerWorker.runSuite(SuiteRunnerWorker.java:52)
	at org.testng.SuiteRunnerWorker.run(SuiteRunnerWorker.java:86)
	at org.testng.TestNG.runSuitesSequentially(TestNG.java:1244)
	at org.testng.TestNG.runSuitesLocally(TestNG.java:1169)
	at org.testng.TestNG.run(TestNG.java:1064)
	at org.testng.remote.RemoteTestNG.run(RemoteTestNG.java:113)
	at org.testng.remote.RemoteTestNG.initAndRun(RemoteTestNG.java:206)
	at org.testng.remote.RemoteTestNG.main(RemoteTestNG.java:177)
]]>
    </failure>
  </testcase> <!-- @BeforeMethod setupTest -->
  <testcase name="@AfterMethod tearDown" time="0.0" classname="Mytests.FirstTest">
    <skipped/>
  </testcase> <!-- @AfterMethod tearDown -->
  <testcase name="@BeforeMethod setupTest" time="0.0" classname="Mytests.FirstTest">
    <skipped/>
  </testcase> <!-- @BeforeMethod setupTest -->
  <testcase name="@AfterMethod tearDown" time="0.0" classname="Mytests.FirstTest">
    <skipped/>
  </testcase> <!-- @AfterMethod tearDown -->
  <testcase name="@BeforeMethod setupTest" time="0.0" classname="Mytests.FirstTest">
    <skipped/>
  </testcase> <!-- @BeforeMethod setupTest -->
  <testcase name="@AfterMethod tearDown" time="0.0" classname="Mytests.FirstTest">
    <skipped/>
  </testcase> <!-- @AfterMethod tearDown -->
  <testcase name="@AfterClass terminate" time="0.0" classname="Mytests.FirstTest">
    <skipped/>
  </testcase> <!-- @AfterClass terminate -->
  <testcase name="FacebookTest" time="0.004" classname="Mytests.FirstTest">
    <skipped/>
  </testcase> <!-- FacebookTest -->
  <testcase name="GmailTest" time="0.001" classname="Mytests.FirstTest">
    <skipped/>
  </testcase> <!-- GmailTest -->
  <testcase name="InstagramTest" time="0.001" classname="Mytests.FirstTest">
    <skipped/>
  </testcase> <!-- InstagramTest -->
</testsuite> <!-- Default test -->
